<?xml version="1.0" encoding="utf-8"?><testsuites name="pytest tests"><testsuite name="pytest" errors="0" failures="0" skipped="0" tests="7" time="6.234" timestamp="2026-08-31T22:02:51.696134+00:00" hostname="agent-env-e73dfe97-7bda-4b79-b859-85ed3b32a849"><testcase classname="tests.test_iteration9_propagate.TestPropagation" name="test_create_and_propagate" time="2.354" /><testcase classname="tests.test_iteration9_propagate.TestPropagation" name="test_no_duplicate_on_repropagate" time="0.662" /><testcase classname="tests.test_iteration9_propagate.TestPropagation" name="test_case_insensitive_dedup" time="0.040" /><testcase classname="tests.test_iteration9_propagate.TestPropagation" name="test_edit_does_not_propagate" time="0.745" /><testcase classname="tests.test_iteration9_propagate.TestPropagation" name="test_delete_does_not_propagate" time="0.717" /><testcase classname="tests.test_iteration9_propagate.TestPropagation" name="test_empty_name_no_op" time="0.071" /><testcase classname="tests.test_iteration9_propagate.TestPropagation" name="test_requires_auth" time="1.306" /></testsuite></testsuites>