<?xml version="1.0" encoding="utf-8"?><testsuites name="pytest tests"><testsuite name="pytest" errors="0" failures="0" skipped="0" tests="23" time="2.693" timestamp="2026-08-31T20:43:29.081624+00:00" hostname="agent-env-e73dfe97-7bda-4b79-b859-85ed3b32a849"><testcase classname="tests.test_iteration7.TestRegressions" name="test_goalkeepers_list" time="0.663" /><testcase classname="tests.test_iteration7.TestRegressions" name="test_general_insights" time="0.035" /><testcase classname="tests.test_iteration7.TestRegressions" name="test_videos_list" time="0.047" /><testcase classname="tests.test_iteration7.TestRegressions" name="test_training_list" time="0.166" /><testcase classname="tests.test_iteration7.TestSubgameMetrics" name="test_offensive_passes_metric" time="0.796" /><testcase classname="tests.test_iteration7.TestSubgameMetrics" name="test_offensive_shots_metric" time="0.000" /><testcase classname="tests.test_iteration7.TestSubgameMetrics" name="test_offensive_repos_metric" time="0.000" /><testcase classname="tests.test_iteration7.TestSubgameMetrics" name="test_success_includes_cinzenta" time="0.000" /><testcase classname="tests.test_iteration7.TestSubgameMetrics" name="test_no_metric_topic" time="0.000" /><testcase classname="tests.test_iteration7.TestSubgameMetrics" name="test_zero_count_topic_has_no_benchmark" time="0.000" /><testcase classname="tests.test_iteration7.TestSubgameMetrics" name="test_benchmark_is_best_of_all_gks" time="0.194" /><testcase classname="tests.test_iteration7.TestRegressions" name="test_profile_shape" time="0.122" /><testcase classname="tests.test_iteration7.TestSubgameMetrics" name="test_auto_eval_thresholds" time="0.000" /><testcase classname="tests.test_iteration7.TestSubgameMetrics" name="test_subgames_persist" time="0.190" /><testcase classname="tests.test_iteration7.TestRegressions" name="test_bad_goalkeeper_id_404" time="0.056" /><testcase classname="tests.test_iteration7.TestAuth" name="test_login_sets_httponly_cookies" time="0.405" /><testcase classname="tests.test_iteration7.TestSquadInsights" name="test_structure_and_totals" time="0.199" /><testcase classname="tests.test_iteration7.TestSquadInsights" name="test_per_gk_success_matches_verde_plus_cinzenta" time="0.280" /><testcase classname="tests.test_iteration7.TestSquadInsights" name="test_games_excludes_loose_reports" time="0.104" /><testcase classname="tests.test_iteration7.TestAuth" name="test_squad_requires_auth" time="0.119" /><testcase classname="tests.test_iteration7.TestSquadInsights" name="test_general_reports_consistent_with_squad_games" time="0.123" /><testcase classname="tests.test_iteration7.TestAuth" name="test_subgames_requires_auth" time="0.082" /><testcase classname="tests.test_iteration7.TestLooseActions" name="test_loose_action_flow" time="0.569" /></testsuite></testsuites>