<?xml version="1.0" encoding="utf-8"?><testsuites name="pytest tests"><testsuite name="pytest" errors="0" failures="0" skipped="0" tests="19" time="3.230" timestamp="2026-09-03T16:47:07.441523+00:00" hostname="agent-env-e73dfe97-7bda-4b79-b859-85ed3b32a849"><testcase classname="tests.test_iteration11_scouting.TestAuthPlaybook" name="test_login_sets_httponly_cookies" time="0.655" /><testcase classname="tests.test_iteration11_scouting.TestScouting" name="test_get_scouting_not_exists" time="0.656" /><testcase classname="tests.test_iteration11_scouting.TestAuthPlaybook" name="test_me_requires_auth" time="0.086" /><testcase classname="tests.test_iteration11_scouting.TestScouting" name="test_scouting_requires_auth" time="0.483" /><testcase classname="tests.test_iteration11_scouting.TestAuthPlaybook" name="test_login_invalid_password" time="0.302" /><testcase classname="tests.test_iteration11_scouting.TestAuthPlaybook" name="test_bcrypt_hash_format" time="0.073" /><testcase classname="tests.test_iteration11_scouting.TestAuthPlaybook" name="test_cors_credentials_explicit_origin" time="0.127" /><testcase classname="tests.test_iteration11_scouting.TestScouting" name="test_pdf_404_when_no_plan" time="0.103" /><testcase classname="tests.test_iteration11_scouting.TestScouting" name="test_save_get_pdf_and_regenerate" time="0.623" /><testcase classname="tests.test_iteration11_scouting.TestMicrocycleTrainings" name="test_create_microcycle_with_training_and_persist" time="0.470" /><testcase classname="tests.test_iteration11_scouting.TestMicrocycleTrainings" name="test_microcycle_pdf" time="0.077" /><testcase classname="tests.test_iteration11_scouting.TestMicrocycleTrainings" name="test_list_does_not_expose_mongo_id" time="0.040" /><testcase classname="tests.test_iteration11_scouting.TestMicrocycleTrainings" name="test_microcycle_404" time="0.076" /><testcase classname="tests.test_iteration11_scouting.TestScouting" name="test_scouting_independent_from_microcycle_pdf" time="0.103" /><testcase classname="tests.test_iteration11_scouting.TestMicrocycleGames" name="test_game_and_training_same_day_persist" time="0.114" /><testcase classname="tests.test_iteration11_scouting.TestScouting" name="test_save_scouting_minimal_payload" time="0.260" /><testcase classname="tests.test_iteration11_scouting.TestMicrocycleGames" name="test_edit_and_delete_game_event" time="0.338" /><testcase classname="tests.test_iteration11_scouting.TestScouting" name="test_default_gks_exist_in_db" time="0.203" /><testcase classname="tests.test_iteration11_scouting" name="test_zz_cleanup_scouting" time="0.119" /></testsuite></testsuites>