<?xml version="1.0" encoding="utf-8"?><testsuites name="pytest tests"><testsuite name="pytest" errors="0" failures="3" skipped="0" tests="20" time="626.384" timestamp="2026-08-31T21:26:14.128525+00:00" hostname="agent-env-e73dfe97-7bda-4b79-b859-85ed3b32a849"><testcase classname="tests.test_iteration8.TestAuthPlaybook" name="test_login_sets_httponly_cookies" time="0.560" /><testcase classname="tests.test_iteration8.TestAuthPlaybook" name="test_login_invalid_password" time="0.440" /><testcase classname="tests.test_iteration8.TestAuthPlaybook" name="test_cors_allows_credentials" time="0.048"><failure message="AssertionError: assert None == 'true'&#10; +  where None = get('access-control-allow-credentials')&#10; +    where get = {'Date': 'Mon, 31 Aug 2026 21:26:15 GMT', 'Connection': 'keep-alive', 'Access-Control-Allow-Origin': '*', 'Access-Control-Allow-Headers': '*', 'Access-Control-Allow-Methods': 'GET, POST, PUT, DELETE, OPTIONS, HEAD, PATCH', 'Access-Control-Max-Age': '300', 'set-cookie': '__cf_bm=8.Wh2_ecByzS5mocdd1NmNX8XbNXdMfseLGR7p_.iGg-1788211575.2155714-1.0.1.1-bktGNJr.rwTYOqhOFOa1gl3HlFfKdv558y1gaElArP0aQ97x48JWxYZ5rh5KnFnBTPAw8uWj8nfOlZe9Wlzr9wxRiKu2iNaDVaaLIJAUru65S4eoOh1qdmcfjrpxMvPn; HttpOnly; SameSite=None; Secure; Path=/; Domain=preview.emergentagent.com; Expires=Mon, 31 Aug 2026 21:56:15 GMT', 'X-Robots-Tag': 'noindex, nofollow', 'Server': 'cloudflare', 'CF-RAY': 'a33f1cc91fbb5a40-AMS'}.get&#10; +      where {'Date': 'Mon, 31 Aug 2026 21:26:15 GMT', 'Connection': 'keep-alive', 'Access-Control-Allow-Origin': '*', 'Access-Control-Allow-Headers': '*', 'Access-Control-Allow-Methods': 'GET, POST, PUT, DELETE, OPTIONS, HEAD, PATCH', 'Access-Control-Max-Age': '300', 'set-cookie': '__cf_bm=8.Wh2_ecByzS5mocdd1NmNX8XbNXdMfseLGR7p_.iGg-1788211575.2155714-1.0.1.1-bktGNJr.rwTYOqhOFOa1gl3HlFfKdv558y1gaElArP0aQ97x48JWxYZ5rh5KnFnBTPAw8uWj8nfOlZe9Wlzr9wxRiKu2iNaDVaaLIJAUru65S4eoOh1qdmcfjrpxMvPn; HttpOnly; SameSite=None; Secure; Path=/; Domain=preview.emergentagent.com; Expires=Mon, 31 Aug 2026 21:56:15 GMT', 'X-Robots-Tag': 'noindex, nofollow', 'Server': 'cloudflare', 'CF-RAY': 'a33f1cc91fbb5a40-AMS'} = &lt;Response [204]&gt;.headers">tests/test_iteration8.py:75: in test_cors_allows_credentials
    assert r.headers.get("access-control-allow-credentials") == "true"
E   AssertionError: assert None == 'true'
E    +  where None = get('access-control-allow-credentials')
E    +    where get = {'Date': 'Mon, 31 Aug 2026 21:26:15 GMT', 'Connection': 'keep-alive', 'Access-Control-Allow-Origin': '*', 'Access-Control-Allow-Headers': '*', 'Access-Control-Allow-Methods': 'GET, POST, PUT, DELETE, OPTIONS, HEAD, PATCH', 'Access-Control-Max-Age': '300', 'set-cookie': '__cf_bm=8.Wh2_ecByzS5mocdd1NmNX8XbNXdMfseLGR7p_.iGg-1788211575.2155714-1.0.1.1-bktGNJr.rwTYOqhOFOa1gl3HlFfKdv558y1gaElArP0aQ97x48JWxYZ5rh5KnFnBTPAw8uWj8nfOlZe9Wlzr9wxRiKu2iNaDVaaLIJAUru65S4eoOh1qdmcfjrpxMvPn; HttpOnly; SameSite=None; Secure; Path=/; Domain=preview.emergentagent.com; Expires=Mon, 31 Aug 2026 21:56:15 GMT', 'X-Robots-Tag': 'noindex, nofollow', 'Server': 'cloudflare', 'CF-RAY': 'a33f1cc91fbb5a40-AMS'}.get
E    +      where {'Date': 'Mon, 31 Aug 2026 21:26:15 GMT', 'Connection': 'keep-alive', 'Access-Control-Allow-Origin': '*', 'Access-Control-Allow-Headers': '*', 'Access-Control-Allow-Methods': 'GET, POST, PUT, DELETE, OPTIONS, HEAD, PATCH', 'Access-Control-Max-Age': '300', 'set-cookie': '__cf_bm=8.Wh2_ecByzS5mocdd1NmNX8XbNXdMfseLGR7p_.iGg-1788211575.2155714-1.0.1.1-bktGNJr.rwTYOqhOFOa1gl3HlFfKdv558y1gaElArP0aQ97x48JWxYZ5rh5KnFnBTPAw8uWj8nfOlZe9Wlzr9wxRiKu2iNaDVaaLIJAUru65S4eoOh1qdmcfjrpxMvPn; HttpOnly; SameSite=None; Secure; Path=/; Domain=preview.emergentagent.com; Expires=Mon, 31 Aug 2026 21:56:15 GMT', 'X-Robots-Tag': 'noindex, nofollow', 'Server': 'cloudflare', 'CF-RAY': 'a33f1cc91fbb5a40-AMS'} = &lt;Response [204]&gt;.headers</failure></testcase><testcase classname="tests.test_iteration8.TestAuthPlaybook" name="test_protected_endpoints_require_auth" time="0.270" /><testcase classname="tests.test_iteration8.TestAuthPlaybook" name="test_bcrypt_hash_format" time="0.075" /><testcase classname="tests.test_iteration8.TestAuthPlaybook" name="test_brute_force_lockout" time="1.675"><failure message="AssertionError: no lockout, codes=[401, 401, 401, 401, 401, 401]&#10;assert False&#10; +  where False = any(&lt;generator object TestAuthPlaybook.test_brute_force_lockout.&lt;locals&gt;.&lt;genexpr&gt; at 0xf894136e8790&gt;)">tests/test_iteration8.py:100: in test_brute_force_lockout
    assert any(c in (423, 429) for c in codes), f"no lockout, codes={codes}"
E   AssertionError: no lockout, codes=[401, 401, 401, 401, 401, 401]
E   assert False
E    +  where False = any(&lt;generator object TestAuthPlaybook.test_brute_force_lockout.&lt;locals&gt;.&lt;genexpr&gt; at 0xf894136e8790&gt;)</failure></testcase><testcase classname="tests.test_iteration8.TestSubgamesCrossAndBenchmark" name="test_cross_filter_and_benchmark" time="0.652" /><testcase classname="tests.test_iteration8.TestSubgamesCrossAndBenchmark" name="test_offensive_ignores_second_filter" time="0.144" /><testcase classname="tests.test_iteration8.TestSubgamesCrossAndBenchmark" name="test_invalid_benchmark_id_is_ignored" time="0.234" /><testcase classname="tests.test_iteration8.TestReferencesCRUD" name="test_create_list_delete" time="0.236" /><testcase classname="tests.test_iteration8.TestReferencesCRUD" name="test_create_with_squad_gk" time="0.176" /><testcase classname="tests.test_iteration8.TestReferencesCRUD" name="test_delete_invalid_id" time="0.031" /><testcase classname="tests.test_iteration8.TestReferencesCRUD" name="test_missing_subgame_validation" time="0.028" /><testcase classname="tests.test_iteration8.TestReferencesCRUD" name="test_references_require_auth" time="0.094" /><testcase classname="tests.test_iteration8.TestRegressions" name="test_endpoint_ok[/goalkeepers]" time="0.112" /><testcase classname="tests.test_iteration8.TestRegressions" name="test_endpoint_ok[/export]" time="621.220"><failure message="AssertionError: _id leaked in /export&#10;assert '_id' not in '{&quot;goalkeepe...dea375b4&quot;}]}'&#10;  &#10;  '_id' is contained here:&#10;    {&quot;goalkeepers&quot;:[{&quot;name&quot;:&quot;Guilherme Cintra&quot;,&quot;team&quot;:&quot;LPS&quot;,&quot;photo&quot;:&quot;data:image/jpeg;base64,/9j/4AAQSkZJRgABAQAAkACQAAD/4QEyRXhpZgAATU0AKgAAAAgABwEOAAIAAAALAAAAYgESAAMAAAABAAEAAAEaAAUAAAABAAAAbgEbAAUAAAABAAAAdgEoAAMAAAABAAIAAAEyAAIAAAAUAAAAfodpAAQAAAABAAAAkgAAAABTY3JlZW5zaG90AAAAAACQAAAAAQAAAJAAAAABMjAyNjowODowNSAxMjo1OTowMgAACZAAAAcAAAAEMDIyMZADAAIAAAAUAAABBJEBAAcAAAAEAQIDAJKGAAcAAAASAAABGKAAAAcAAAAEMDEwMKABAAMAAAAB//8AAKACAAQAAAABAAACe6ADAAQAAAABAAACiaQGAAMAAAABAAAAAAAAAAAyMDI2OjA4OjA1IDEyOjU5OjAyAEFTQ0lJAAAAU2NyZWVuc2hvdP/tAG5QaG90b3Nob3AgMy4wADhCSU0EBAAAAAAANhwBWgADG...&#10;  &#10;  ...Full output truncated (2 lines hidden), use '-vv' to show">tests/test_iteration8.py:313: in test_endpoint_ok
    assert "_id" not in r.text, f"_id leaked in {path}"
E   AssertionError: _id leaked in /export
E   assert '_id' not in '{"goalkeepe...dea375b4"}]}'
E     
E     '_id' is contained here:
E       {"goalkeepers":[{"name":"Guilherme Cintra","team":"LPS","photo":"data:image/jpeg;base64,/9j/4AAQSkZJRgABAQAAkACQAAD/4QEyRXhpZgAATU0AKgAAAAgABwEOAAIAAAALAAAAYgESAAMAAAABAAEAAAEaAAUAAAABAAAAbgEbAAUAAAABAAAAdgEoAAMAAAABAAIAAAEyAAIAAAAUAAAAfodpAAQAAAABAAAAkgAAAABTY3JlZW5zaG90AAAAAACQAAAAAQAAAJAAAAABMjAyNjowODowNSAxMjo1OTowMgAACZAAAAcAAAAEMDIyMZADAAIAAAAUAAABBJEBAAcAAAAEAQIDAJKGAAcAAAASAAABGKAAAAcAAAAEMDEwMKABAAMAAAAB//8AAKACAAQAAAABAAACe6ADAAQAAAABAAACiaQGAAMAAAABAAAAAAAAAAAyMDI2OjA4OjA1IDEyOjU5OjAyAEFTQ0lJAAAAU2NyZWVuc2hvdP/tAG5QaG90b3Nob3AgMy4wADhCSU0EBAAAAAAANhwBWgADG...
E     
E     ...Full output truncated (2 lines hidden), use '-vv' to show</failure></testcase><testcase classname="tests.test_iteration8.TestRegressions" name="test_endpoint_ok[/insights/general]" time="0.077" /><testcase classname="tests.test_iteration8.TestRegressions" name="test_endpoint_ok[/insights/squad]" time="0.109" /><testcase classname="tests.test_iteration8.TestRegressions" name="test_endpoint_ok[/videos]" time="0.034" /><testcase classname="tests.test_iteration8.TestRegressions" name="test_endpoint_ok[/references]" time="0.080" /></testsuite></testsuites>