<?xml version="1.0" encoding="utf-8"?><testsuites name="pytest tests"><testsuite name="pytest" errors="0" failures="0" skipped="0" tests="10" time="2.359" timestamp="2026-08-10T20:46:57.560530+00:00" hostname="agent-env-e73dfe97-7bda-4b79-b859-85ed3b32a849"><testcase classname="tests.test_iteration4" name="test_bulk_exercises_with_components_and_guess" time="0.879" /><testcase classname="tests.test_iteration4" name="test_bulk_empty_titles_skipped" time="0.046" /><testcase classname="tests.test_iteration4" name="test_import_doc_pptx_without_libreoffice_returns_friendly_error" time="0.233" /><testcase classname="tests.test_iteration4" name="test_import_doc_pdf_creates_exercises" time="0.308" /><testcase classname="tests.test_iteration4" name="test_import_doc_unsupported_format" time="0.079" /><testcase classname="tests.test_iteration4" name="test_manifest_json" time="0.078" /><testcase classname="tests.test_iteration4" name="test_pwa_static_assets[/apple-touch-icon.png]" time="0.079" /><testcase classname="tests.test_iteration4" name="test_pwa_static_assets[/icon-192.png]" time="0.078" /><testcase classname="tests.test_iteration4" name="test_pwa_static_assets[/icon-512.png]" time="0.098" /><testcase classname="tests.test_iteration4" name="test_pwa_static_assets[/sw.js]" time="0.095" /></testsuite></testsuites>