<?xml version="1.0" encoding="utf-8"?><testsuites name="pytest tests"><testsuite name="pytest" errors="0" failures="1" skipped="0" tests="20" time="9.827" timestamp="2026-09-02T08:25:32.095297+00:00" hostname="agent-env-e73dfe97-7bda-4b79-b859-85ed3b32a849"><testcase classname="tests.test_iteration10_microciclo.TestRecurso" name="test_create_and_list" time="1.236" /><testcase classname="tests.test_iteration10_microciclo.TestMicrocycles" name="test_create_get_list" time="1.300" /><testcase classname="tests.test_iteration10_microciclo.TestRecurso" name="test_filter_by_component" time="0.179" /><testcase classname="tests.test_iteration10_microciclo.TestMicrocycles" name="test_update" time="0.114" /><testcase classname="tests.test_iteration10_microciclo.TestMicrocycles" name="test_get_404" time="0.081" /><testcase classname="tests.test_iteration10_microciclo.TestRecurso" name="test_update_and_delete" time="0.277" /><testcase classname="tests.test_iteration10_microciclo.TestMicrocycles" name="test_get_invalid_id" time="0.031" /><testcase classname="tests.test_iteration10_microciclo.TestMicrocycles" name="test_put_404" time="0.030" /><testcase classname="tests.test_iteration10_microciclo.TestMicrocycles" name="test_pdf" time="0.218" /><testcase classname="tests.test_iteration10_microciclo.TestRecurso" name="test_put_404" time="0.087" /><testcase classname="tests.test_iteration10_microciclo.TestMicrocycles" name="test_pdf_requires_auth" time="0.160" /><testcase classname="tests.test_iteration10_microciclo.TestRecurso" name="test_missing_title_validation" time="0.081" /><testcase classname="tests.test_iteration10_microciclo.TestAuthBasics" name="test_me" time="0.028" /><testcase classname="tests.test_iteration10_microciclo.TestAuthBasics" name="test_microcycles_requires_auth" time="0.153" /><testcase classname="tests.test_iteration10_microciclo.TestMicrocycles" name="test_delete" time="0.187" /><testcase classname="tests.test_iteration10_microciclo.TestAuthBasics" name="test_recurso_requires_auth" time="0.082" /><testcase classname="tests.test_iteration10_microciclo.TestAuthBasics" name="test_bcrypt_hash_format" time="0.662" /><testcase classname="tests.test_iteration10_pdf_content" name="test_pdf_contains_day_notes_video_and_image" time="0.647" /><testcase classname="tests.test_iteration10_pdf_content" name="test_pdf_with_corrupt_image_should_not_500" time="0.634"><failure message="AssertionError: PDF generation failed (500) due to one bad image&#10;assert 500 == 200&#10; +  where 500 = &lt;Response [500]&gt;.status_code">E   AssertionError: PDF generation failed (500) due to one bad image
    assert 500 == 200
     +  where 500 = &lt;Response [500]&gt;.status_code</failure></testcase><testcase classname="tests.test_iteration10_image_limits" name="test_large_photo_payload" time="6.676" /></testsuite></testsuites>