<?xml version="1.0" encoding="utf-8"?><testsuites name="pytest tests"><testsuite name="pytest" errors="0" failures="0" skipped="0" tests="22" time="3.328" timestamp="2026-08-31T14:54:29.368556+00:00" hostname="agent-env-e73dfe97-7bda-4b79-b859-85ed3b32a849"><testcase classname="tests.test_iteration6.TestSubgames" name="test_get_empty_or_dict" time="1.493" /><testcase classname="tests.test_iteration6.TestSubgames" name="test_put_and_metric_computation" time="0.160" /><testcase classname="tests.test_iteration6.TestLooseActions" name="test_list_initially" time="1.617" /><testcase classname="tests.test_iteration6.TestLooseActions" name="test_add_loose_action_does_not_count_as_game" time="0.265" /><testcase classname="tests.test_iteration6.TestSubgames" name="test_metric_matches_real_actions_on_dedicated_gk" time="0.500" /><testcase classname="tests.test_iteration6.TestLooseActions" name="test_loose_report_hidden_from_reports_list" time="0.045" /><testcase classname="tests.test_iteration6.TestLooseActions" name="test_goalkeeper_list_report_count_excludes_loose" time="0.168" /><testcase classname="tests.test_iteration6.TestLooseActions" name="test_delete_loose_action" time="0.213" /><testcase classname="tests.test_iteration6.TestSubgames" name="test_topic_without_metric_returns_none" time="0.112" /><testcase classname="tests.test_iteration6.TestSubgames" name="test_no_mongo_id_leak" time="0.037" /><testcase classname="tests.test_iteration6.TestSubgames" name="test_overwrite_replaces" time="0.124" /><testcase classname="tests.test_iteration6.TestLooseActions" name="test_delete_nonexistent_action_is_safe" time="0.066" /><testcase classname="tests.test_iteration6.TestRegressions" name="test_endpoints_ok[/insights/general]" time="0.098" /><testcase classname="tests.test_iteration6.TestSubgames" name="test_unauthenticated_subgames_blocked" time="0.090" /><testcase classname="tests.test_iteration6.TestRegressions" name="test_endpoints_ok[/videos]" time="0.056" /><testcase classname="tests.test_iteration6.TestAuth" name="test_me" time="0.037" /><testcase classname="tests.test_iteration6.TestRegressions" name="test_endpoints_ok[/training-units]" time="0.050" /><testcase classname="tests.test_iteration6.TestAuth" name="test_unauthenticated_blocked" time="0.115" /><testcase classname="tests.test_iteration6.TestRegressions" name="test_endpoints_ok[/settings/logo]" time="0.057" /><testcase classname="tests.test_iteration6.TestRegressions" name="test_endpoints_ok[/export]" time="0.143" /><testcase classname="tests.test_iteration6.TestAuth" name="test_bad_password" time="0.320" /><testcase classname="tests.test_iteration6.TestRegressions" name="test_profile_shape" time="0.213" /></testsuite></testsuites>