<?xml version="1.0" encoding="utf-8"?><testsuites name="pytest tests"><testsuite name="pytest" errors="0" failures="0" skipped="0" tests="14" time="4.035" timestamp="2026-08-10T18:29:49.125082+00:00" hostname="agent-env-e73dfe97-7bda-4b79-b859-85ed3b32a849"><testcase classname="tests.backend_test" name="test_login_ok" time="0.673" /><testcase classname="tests.backend_test" name="test_login_invalid" time="0.317" /><testcase classname="tests.backend_test" name="test_protected_no_cookie" time="0.066" /><testcase classname="tests.backend_test" name="test_list_goalkeepers" time="0.116" /><testcase classname="tests.backend_test" name="test_update_goalkeeper_points" time="0.149" /><testcase classname="tests.backend_test" name="test_offensive_fraction_trend" time="0.107" /><testcase classname="tests.backend_test" name="test_pdf_filename_format" time="0.863" /><testcase classname="tests.backend_test" name="test_get_report_persisted" time="0.067" /><testcase classname="tests.backend_test" name="test_gk_reports_list" time="0.033" /><testcase classname="tests.backend_test" name="test_profile_trends" time="0.075" /><testcase classname="tests.backend_test" name="test_pdf_endpoint" time="0.617" /><testcase classname="tests.backend_test" name="test_export" time="0.035" /><testcase classname="tests.backend_test" name="test_logo_get" time="0.096" /><testcase classname="tests.backend_test" name="test_delete_report" time="0.319" /></testsuite></testsuites>