<?xml version="1.0" encoding="utf-8"?><testsuites name="pytest tests"><testsuite name="pytest" errors="0" failures="0" skipped="0" tests="11" time="1.944" timestamp="2026-08-26T15:11:14.867616+00:00" hostname="agent-env-e73dfe97-7bda-4b79-b859-85ed3b32a849"><testcase classname="tests.test_iteration5.TestAuth" name="test_login_sets_httponly_cookies" time="0.828" /><testcase classname="tests.test_iteration5.TestVideos" name="test_create_and_persist" time="0.918" /><testcase classname="tests.test_iteration5.TestAuth" name="test_me" time="0.039" /><testcase classname="tests.test_iteration5.TestAuth" name="test_videos_requires_auth" time="0.126" /><testcase classname="tests.test_iteration5.TestVideos" name="test_filter_by_component" time="0.138" /><testcase classname="tests.test_iteration5.TestReactionTraining" name="test_rodrigo_has_sessions" time="0.189" /><testcase classname="tests.test_iteration5.TestVideos" name="test_update_and_persist" time="0.172" /><testcase classname="tests.test_iteration5.TestVideos" name="test_invalid_id_400" time="0.093" /><testcase classname="tests.test_iteration5.TestVideos" name="test_missing_id_404" time="0.062" /><testcase classname="tests.test_iteration5.TestVideos" name="test_validation_422" time="0.081" /><testcase classname="tests.test_iteration5.TestVideos" name="test_delete_and_verify" time="0.128" /></testsuite></testsuites>