<?xml version="1.0" encoding="utf-8"?><testsuites name="pytest tests"><testsuite name="pytest" errors="0" failures="0" skipped="0" tests="12" time="2.455" timestamp="2026-08-10T18:09:24.090718+00:00" hostname="agent-env-e73dfe97-7bda-4b79-b859-85ed3b32a849"><testcase classname="tests.backend_test" name="test_login_ok" time="0.567" /><testcase classname="tests.backend_test" name="test_login_invalid" time="0.322" /><testcase classname="tests.backend_test" name="test_protected_no_cookie" time="0.081" /><testcase classname="tests.backend_test" name="test_list_goalkeepers" time="0.064" /><testcase classname="tests.backend_test" name="test_update_goalkeeper" time="0.150" /><testcase classname="tests.backend_test" name="test_get_report_persisted" time="0.127" /><testcase classname="tests.backend_test" name="test_gk_reports_list" time="0.031" /><testcase classname="tests.backend_test" name="test_profile_trends" time="0.032" /><testcase classname="tests.backend_test" name="test_pdf_endpoint" time="0.228" /><testcase classname="tests.backend_test" name="test_export" time="0.030" /><testcase classname="tests.backend_test" name="test_logo_get" time="0.067" /><testcase classname="tests.backend_test" name="test_delete_report" time="0.237" /></testsuite></testsuites>